<?xml version="1.0" encoding="UTF-8"?>
<!-- Generated by org.testng.reporters.JUnitReportReporter -->
<testsuite skipped="0" hostname="Marios-MBP" name="takehome.assessment.fizzbuzz_api.FizzBuzzTest" tests="9" failures="0" timestamp="2020-03-29T12:33:24 CDT" time="0.047" errors="0">
  <testcase name="fizzBuzzGenerator_nonMultipleOfThreeFive_shouldReturnPlainValue" time="0.003" classname="takehome.assessment.fizzbuzz_api.FizzBuzzTest"/>
  <testcase name="fizzBuzzGenerator_multipleOfThree_shouldReturnFizz" time="0.003" classname="takehome.assessment.fizzbuzz_api.FizzBuzzTest"/>
  <testcase name="fizzBuzzGenerator_rangeFromOneToFifty_shouldReturnOneAsInitialFiftyAsFinal" time="0.003" classname="takehome.assessment.fizzbuzz_api.FizzBuzzTest"/>
  <testcase name="fizzBuzzGenerator_invalidCustomRange_shouldThrowErrorAndReturnEmptyList" time="0.012" classname="takehome.assessment.fizzbuzz_api.FizzBuzzTest"/>
  <testcase name="fizzBuzzGenerator_multipleOfFive_shouldReturnBuzz" time="0.005" classname="takehome.assessment.fizzbuzz_api.FizzBuzzTest"/>
  <testcase name="fizzBuzzGenerator_multipleOfThreeFive_shouldReturnFizzBuzz" time="0.003" classname="takehome.assessment.fizzbuzz_api.FizzBuzzTest"/>
  <testcase name="fizzBuzzGenerator_invalidCustomValues_shouldThrowErrorAndReturnEmptyList" time="0.002" classname="takehome.assessment.fizzbuzz_api.FizzBuzzTest"/>
  <testcase name="fizzBuzzGenerator_customUpperLimit_shouldGenerateListUpToNewUpperLimit" time="0.007" classname="takehome.assessment.fizzbuzz_api.FizzBuzzTest"/>
  <testcase name="fizzBuzzGenerator_customRangeLimitCustomValueNamePair_shouldGenerateListWithinNewLimitsUsingNewValueWordPair" time="0.009" classname="takehome.assessment.fizzbuzz_api.FizzBuzzTest"/>
</testsuite> <!-- takehome.assessment.fizzbuzz_api.FizzBuzzTest -->
